<?xml version="1.0" encoding="UTF-8"?>
<!-- Generated by org.testng.reporters.JUnitXMLReporter -->
<testsuite hostname="JAGA" name="CreateAccount" tests="2" failures="1" timestamp="6 Jul 2017 15:43:10 GMT" time="96.778" errors="0">
  <testcase name="testcreateAccountRegistration" time="29.601" classname="com.jaga.pageobjectmodel.testscripts.TC001_CreateAccount"/>
  <testcase name="testcreateAccountRegistration" time="17.838" classname="com.jaga.pageobjectmodel.testscripts.TC001_CreateAccount">
    <failure type="java.lang.AssertionError" message="expected [http://www.gcrit.com/build3/create_account_success.php] but found [http://www.gcrit.com/build3/create_account.php]">
      <![CDATA[java.lang.AssertionError: expected [http://www.gcrit.com/build3/create_account_success.php] but found [http://www.gcrit.com/build3/create_account.php]
	at com.jaga.pageobjectmodel.pagelibrary.CreateAnAccount.createAccountRegistration(CreateAnAccount.java:70)
	at com.jaga.pageobjectmodel.testscripts.TC001_CreateAccount.testcreateAccountRegistration(TC001_CreateAccount.java:52)
... Removed 29 stack frames]]>
    </failure>
  </testcase> <!-- testcreateAccountRegistration -->
</testsuite> <!-- CreateAccount -->
