<?xml version="1.0" encoding="UTF-8"?>
<!-- Generated by org.testng.reporters.JUnitXMLReporter -->
<testsuite hostname="JAGA" name="SignIn" tests="2" failures="1" timestamp="15 Jul 2017 16:26:40 GMT" time="55.357" errors="0">
  <testcase name="testSignIn" time="3.488" classname="com.jaga.pageobjectmodel.testscripts.TC002_SignIn"/>
  <testcase name="testSignIn" time="2.575" classname="com.jaga.pageobjectmodel.testscripts.TC002_SignIn">
    <failure type="java.lang.AssertionError" message="expected [http://www.gcrit.com/build3/index.php] but found [http://www.gcrit.com/build3/login.php?action=process&amp;amp;osCsid=e4bea16heq6ftd9j1b53f6s9t7]">
      <![CDATA[java.lang.AssertionError: expected [http://www.gcrit.com/build3/index.php] but found [http://www.gcrit.com/build3/login.php?action=process&osCsid=e4bea16heq6ftd9j1b53f6s9t7]
	at com.jaga.pageobjectmodel.pagelibrary.SignIn.SignInTOAccount(SignIn.java:80)
	at com.jaga.pageobjectmodel.testscripts.TC002_SignIn.testSignIn(TC002_SignIn.java:107)
... Removed 29 stack frames]]>
    </failure>
  </testcase> <!-- testSignIn -->
</testsuite> <!-- SignIn -->
