<?xml version="1.0" encoding="UTF-8"?>
<!-- Generated by org.testng.reporters.JUnitXMLReporter -->
<testsuite hostname="JAGA" name="SignIn" tests="2" failures="1" timestamp="14 Jul 2017 15:36:54 GMT" time="31.807" errors="0">
  <testcase name="testSignIn" time="3.66" classname="com.jaga.pageobjectmodel.testscripts.TC002_SignIn"/>
  <testcase name="testSignIn" time="2.571" classname="com.jaga.pageobjectmodel.testscripts.TC002_SignIn">
    <failure type="java.lang.AssertionError" message="expected [http://www.gcrit.com/build3/index.php] but found [http://www.gcrit.com/build3/login.php?action=process&amp;amp;osCsid=jsh5l48qrg7v7o5s4k3figek01]">
      <![CDATA[java.lang.AssertionError: expected [http://www.gcrit.com/build3/index.php] but found [http://www.gcrit.com/build3/login.php?action=process&osCsid=jsh5l48qrg7v7o5s4k3figek01]
	at com.jaga.pageobjectmodel.pagelibrary.SignIn.SignInTOAccount(SignIn.java:85)
	at com.jaga.pageobjectmodel.testscripts.TC002_SignIn.testSignIn(TC002_SignIn.java:109)
... Removed 29 stack frames]]>
    </failure>
  </testcase> <!-- testSignIn -->
</testsuite> <!-- SignIn -->
