<?xml version="1.0" encoding="UTF-8"?>
<!-- Generated by org.testng.reporters.JUnitXMLReporter -->
<testsuite hostname="JAGA" name="TestGCRShopApp" tests="4" failures="0" timestamp="15 Jul 2017 16:08:08 GMT" time="206.527" errors="0">
  <testcase name="@AfterClass teardown" time="0.0" classname="com.jaga.pageobjectmodel.testscripts.TestGCRShopApplication">
    <failure type="java.lang.NullPointerException">
      <![CDATA[java.lang.NullPointerException
	at com.relevantcodes.extentreports.ExtentReports.endTest(ExtentReports.java:150)
	at com.jaga.pageobjectmodel.testscripts.TestGCRShopApplication.teardown(TestGCRShopApplication.java:106)
... Removed 24 stack frames]]>
    </failure>
  </testcase> <!-- @AfterClass teardown -->
  <testcase name="testcreateAccountRegistration" time="8.186" classname="com.jaga.pageobjectmodel.testscripts.TestGCRShopApplication"/>
  <testcase name="testcreateAccountRegistration" time="14.042" classname="com.jaga.pageobjectmodel.testscripts.TestGCRShopApplication"/>
  <testcase name="testSignIn" time="3.523" classname="com.jaga.pageobjectmodel.testscripts.TestGCRShopApplication"/>
  <testcase name="testSignIn" time="3.002" classname="com.jaga.pageobjectmodel.testscripts.TestGCRShopApplication"/>
</testsuite> <!-- TestGCRShopApp -->
