<?xml version="1.0" encoding="UTF-8"?>
<!-- Generated by org.testng.reporters.JUnitXMLReporter -->
<testsuite hostname="JAGA" name="TestCaseExecutionScript" tests="2" failures="0" timestamp="27 Jul 2017 15:23:06 GMT" time="71.199" errors="0">
  <testcase name="testcreateAccountRegistration" time="12.382" classname="com.jaga.pageobjectmodel.testscripts.TestCaseExecutionScript"/>
  <testcase name="testSignIn" time="8.164" classname="com.jaga.pageobjectmodel.testscripts.TestCaseExecutionScript"/>
</testsuite> <!-- TestCaseExecutionScript -->
