<?xml version="1.0" encoding="UTF-8" ?>
<testsuite tests="2" failures="1" name="com.jaga.pageobjectmodel.testscripts.TestCaseExecutionScript" time="33.465" errors="0" skipped="1">
  <properties>
[...]
</properties>
  <testcase classname="com.jaga.pageobjectmodel.testscripts.TestCaseExecutionScript" name="testcreateAccountRegistration" time="16.708">
    <failure message="expected [http://www.gcrit.com/build3/create_account_success.php] but found [http://www.gcrit.com/build3/create_account.php]" type="java.lang.AssertionError">java.lang.AssertionError: expected [http://www.gcrit.com/build3/create_account_success.php] but found [http://www.gcrit.com/build3/create_account.php]
	at org.testng.Assert.fail(Assert.java:94)
	at org.testng.Assert.failNotEquals(Assert.java:494)
	at org.testng.Assert.assertEquals(Assert.java:123)
	at org.testng.Assert.assertEquals(Assert.java:176)
	at org.testng.Assert.assertEquals(Assert.java:186)
	at com.jaga.pageobjectmodel.pagelibrary.CreateAnAccount.createAccountRegistration(CreateAnAccount.java:106)
	at com.jaga.pageobjectmodel.testscripts.TestCaseExecutionScript.testcreateAccountRegistration(TestCaseExecutionScript.java:106)
</failure>
    <system-out>Configuring TestNG with: org.apache.maven.surefire.testng.conf.TestNG652Configurator@1192d32
 INFO [main] (Common_Functions.java:2028)- The Data from Property file is : http://www.gcrit.com/build3/create_account_success.php
 INFO [main] (CreateAnAccount.java:74)- Before Create Account
 INFO [main] (CreateAnAccount.java:75)- The Registration Details for the Create Account
 INFO [main] (Common_Functions.java:783)- Element clicked successfully
 INFO [main] (Common_Functions.java:783)- Element clicked successfully
 INFO [main] (Common_Functions.java:218)- The value Jaga is entered at element By.name: firstname
 INFO [main] (Common_Functions.java:218)- The value Waran is entered at element By.name: lastname
 INFO [main] (Common_Functions.java:191)- The value 08/30/1991 is entered at element By.id: dob
 INFO [main] (Common_Functions.java:218)- The value testjaga277171@gmail.com is entered at element By.name: email_address
 INFO [main] (Common_Functions.java:218)- The value IT Company is entered at element By.name: company
 INFO [main] (Common_Functions.java:218)- The value Sholinganallur is entered at element By.name: street_address
 INFO [main] (Common_Functions.java:218)- The value 600119 is entered at element By.name: postcode
 INFO [main] (Common_Functions.java:218)- The value Chennai is entered at element By.name: city
 INFO [main] (Common_Functions.java:218)- The value TamilNadu is entered at element By.name: state
 INFO [main] (Common_Functions.java:1024)- DropDown option India is selected at element By.name: country
 INFO [main] (Common_Functions.java:218)- The value 9876543212 is entered at element By.name: telephone
 INFO [main] (Common_Functions.java:218)- The value jaga@12345 is entered at element By.name: password
 INFO [main] (Common_Functions.java:218)- The value jaga@12345 is entered at element By.name: confirmation
 INFO [main] (Common_Functions.java:679)- Element clicked successfully
 INFO [main] (CreateAnAccount.java:94)- After Create Account
 INFO [main] (Common_Functions.java:323)- Current Url is captured
 INFO [main] (CreateAnAccount.java:104)- The Account has not been Registered and Created UnSuccessfully
 INFO [main] (Common_Functions.java:969)- Returning Actual Text  Your E-Mail Address already exists in our records - please log in with the e-mail address or create an account with a different address.
 INFO [main] (CreateAnAccount.java:105)-  Your E-Mail Address already exists in our records - please log in with the e-mail address or create an account with a different address.
</system-out>
  </testcase>
  <testcase classname="com.jaga.pageobjectmodel.testscripts.TestCaseExecutionScript" name="testSignIn" time="16.757">
    <skipped/>
    <system-out> INFO [main] (Common_Functions.java:1973)- Browser closed
</system-out>
  </testcase>
</testsuite>