<?xml version="1.0" encoding="UTF-8"?>
<testng-results skipped="0" failed="2" total="4" passed="2">
  <reporter-output>
    <line>
      <![CDATA[Test started running:testcreateAccountRegistration at:16]]>
    </line>
    <line>
      <![CDATA[<a href="E:\ECLIPSE ENV\Selenium_Excercises\selenium//src//test//resources//screenshots//success//07-06-2017_21-26-testcreateAccountRegistration.png"><img src="file:///E:\ECLIPSE ENV\Selenium_Excercises\selenium//src//test//resources//screenshots//success//07-06-2017_21-26-testcreateAccountRegistration.png" alt=""height='100' width='100'/> <br />]]>
    </line>
    <line>
      <![CDATA[testcreateAccountRegistration--Test method failed
]]>
    </line>
    <line>
      <![CDATA[Test started running:testcreateAccountRegistration at:16]]>
    </line>
    <line>
      <![CDATA[<a href="E:\ECLIPSE ENV\Selenium_Excercises\selenium//src//test//resources//screenshots//failure//07-06-2017_21-10-testcreateAccountRegistration.png"><img src="file:///E:\ECLIPSE ENV\Selenium_Excercises\selenium//src//test//resources//screenshots//failure//07-06-2017_21-10-testcreateAccountRegistration.png" alt=""height='100' width='100'/> <br />]]>
    </line>
    <line>
      <![CDATA[testcreateAccountRegistration--Test method failed
]]>
    </line>
    <line>
      <![CDATA[Test started running:testSignIn at:16]]>
    </line>
    <line>
      <![CDATA[<a href="E:\ECLIPSE ENV\Selenium_Excercises\selenium//src//test//resources//screenshots//success//07-06-2017_21-01-testSignIn.png"><img src="file:///E:\ECLIPSE ENV\Selenium_Excercises\selenium//src//test//resources//screenshots//success//07-06-2017_21-01-testSignIn.png" alt=""height='100' width='100'/> <br />]]>
    </line>
    <line>
      <![CDATA[testSignIn--Test method failed
]]>
    </line>
    <line>
      <![CDATA[Test started running:testSignIn at:16]]>
    </line>
    <line>
      <![CDATA[<a href="E:\ECLIPSE ENV\Selenium_Excercises\selenium//src//test//resources//screenshots//failure//07-06-2017_21-25-testSignIn.png"><img src="file:///E:\ECLIPSE ENV\Selenium_Excercises\selenium//src//test//resources//screenshots//failure//07-06-2017_21-25-testSignIn.png" alt=""height='100' width='100'/> <br />]]>
    </line>
    <line>
      <![CDATA[testSignIn--Test method failed
]]>
    </line>
  </reporter-output>
  <suite name="Regression Suite" duration-ms="171527" started-at="2017-07-06T15:41:34Z" finished-at="2017-07-06T15:44:25Z">
    <groups>
    </groups>
    <test name="CreateAccount" duration-ms="96778" started-at="2017-07-06T15:41:34Z" finished-at="2017-07-06T15:43:10Z">
      <class name="com.jaga.pageobjectmodel.testscripts.TC001_CreateAccount">
        <test-method status="PASS" signature="setup()[pri:0, instance:com.jaga.pageobjectmodel.testscripts.TC001_CreateAccount@67ae56]" name="setup" is-config="true" duration-ms="21615" started-at="2017-07-06T21:11:35Z" finished-at="2017-07-06T21:11:56Z">
          <reporter-output>
          </reporter-output>
        </test-method> <!-- setup -->
        <test-method status="PASS" signature="testcreateAccountRegistration(java.lang.String, java.lang.String, java.lang.String, java.lang.String, java.lang.String, java.lang.String, java.lang.String, java.lang.String, java.lang.String, java.lang.String, java.lang.String, java.lang.String, java.lang.String, java.lang.String, java.lang.String)[pri:0, instance:com.jaga.pageobjectmodel.testscripts.TC001_CreateAccount@67ae56]" name="testcreateAccountRegistration" duration-ms="29601" started-at="2017-07-06T21:11:56Z" data-provider="createAccountData" finished-at="2017-07-06T21:12:26Z">
          <params>
            <param index="0">
              <value>
                <![CDATA[Y]]>
              </value>
            </param>
            <param index="1">
              <value>
                <![CDATA[CreateAccount]]>
              </value>
            </param>
            <param index="2">
              <value>
                <![CDATA[John]]>
              </value>
            </param>
            <param index="3">
              <value>
                <![CDATA[Smith]]>
              </value>
            </param>
            <param index="4">
              <value>
                <![CDATA[08/29/1993]]>
              </value>
            </param>
            <param index="5">
              <value>
                <![CDATA[testjaga6717@gmail.com]]>
              </value>
            </param>
            <param index="6">
              <value>
                <![CDATA[Software Company ]]>
              </value>
            </param>
            <param index="7">
              <value>
                <![CDATA[Sholinganallur]]>
              </value>
            </param>
            <param index="8">
              <value>
                <![CDATA[600119.0]]>
              </value>
            </param>
            <param index="9">
              <value>
                <![CDATA[Chennai]]>
              </value>
            </param>
            <param index="10">
              <value>
                <![CDATA[Tamil Nadu]]>
              </value>
            </param>
            <param index="11">
              <value>
                <![CDATA[India]]>
              </value>
            </param>
            <param index="12">
              <value>
                <![CDATA[9.878653421E9]]>
              </value>
            </param>
            <param index="13">
              <value>
                <![CDATA[jaga@12345]]>
              </value>
            </param>
            <param index="14">
              <value>
                <![CDATA[jaga@12345]]>
              </value>
            </param>
          </params>
          <reporter-output>
            <line>
              <![CDATA[<a href="E:\ECLIPSE ENV\Selenium_Excercises\selenium//src//test//resources//screenshots//success//07-06-2017_21-26-testcreateAccountRegistration.png"><img src="file:///E:\ECLIPSE ENV\Selenium_Excercises\selenium//src//test//resources//screenshots//success//07-06-2017_21-26-testcreateAccountRegistration.png" alt=""height='100' width='100'/> <br />]]>
            </line>
          </reporter-output>
        </test-method> <!-- testcreateAccountRegistration -->
        <test-method status="PASS" signature="close()[pri:0, instance:com.jaga.pageobjectmodel.testscripts.TC001_CreateAccount@67ae56]" name="close" is-config="true" duration-ms="34" started-at="2017-07-06T21:12:26Z" finished-at="2017-07-06T21:12:26Z">
          <reporter-output>
          </reporter-output>
        </test-method> <!-- close -->
        <test-method status="PASS" signature="setup()[pri:0, instance:com.jaga.pageobjectmodel.testscripts.TC001_CreateAccount@67ae56]" name="setup" is-config="true" duration-ms="25981" started-at="2017-07-06T21:12:26Z" finished-at="2017-07-06T21:12:52Z">
          <reporter-output>
          </reporter-output>
        </test-method> <!-- setup -->
        <test-method status="FAIL" signature="testcreateAccountRegistration(java.lang.String, java.lang.String, java.lang.String, java.lang.String, java.lang.String, java.lang.String, java.lang.String, java.lang.String, java.lang.String, java.lang.String, java.lang.String, java.lang.String, java.lang.String, java.lang.String, java.lang.String)[pri:0, instance:com.jaga.pageobjectmodel.testscripts.TC001_CreateAccount@67ae56]" name="testcreateAccountRegistration" duration-ms="17838" started-at="2017-07-06T21:12:52Z" data-provider="createAccountData" finished-at="2017-07-06T21:13:10Z">
          <params>
            <param index="0">
              <value>
                <![CDATA[Y]]>
              </value>
            </param>
            <param index="1">
              <value>
                <![CDATA[CreateAccount]]>
              </value>
            </param>
            <param index="2">
              <value>
                <![CDATA[Jack]]>
              </value>
            </param>
            <param index="3">
              <value>
                <![CDATA[Son]]>
              </value>
            </param>
            <param index="4">
              <value>
                <![CDATA[08/30/1993]]>
              </value>
            </param>
            <param index="5">
              <value>
                <![CDATA[testjaga6717@gmail.com]]>
              </value>
            </param>
            <param index="6">
              <value>
                <![CDATA[Software Company ]]>
              </value>
            </param>
            <param index="7">
              <value>
                <![CDATA[Mahabalipuram]]>
              </value>
            </param>
            <param index="8">
              <value>
                <![CDATA[600120.0]]>
              </value>
            </param>
            <param index="9">
              <value>
                <![CDATA[Chennai]]>
              </value>
            </param>
            <param index="10">
              <value>
                <![CDATA[Tamil Nadu]]>
              </value>
            </param>
            <param index="11">
              <value>
                <![CDATA[India]]>
              </value>
            </param>
            <param index="12">
              <value>
                <![CDATA[9.876543211E9]]>
              </value>
            </param>
            <param index="13">
              <value>
                <![CDATA[jaga@12345]]>
              </value>
            </param>
            <param index="14">
              <value>
                <![CDATA[jaga@12345]]>
              </value>
            </param>
          </params>
          <exception class="java.lang.AssertionError">
            <message>
              <![CDATA[expected [http://www.gcrit.com/build3/create_account_success.php] but found [http://www.gcrit.com/build3/create_account.php]]]>
            </message>
            <full-stacktrace>
              <![CDATA[java.lang.AssertionError: expected [http://www.gcrit.com/build3/create_account_success.php] but found [http://www.gcrit.com/build3/create_account.php]
	at org.testng.Assert.fail(Assert.java:94)
	at org.testng.Assert.failNotEquals(Assert.java:494)
	at org.testng.Assert.assertEquals(Assert.java:123)
	at org.testng.Assert.assertEquals(Assert.java:176)
	at org.testng.Assert.assertEquals(Assert.java:186)
	at com.jaga.pageobjectmodel.pagelibrary.CreateAnAccount.createAccountRegistration(CreateAnAccount.java:70)
	at com.jaga.pageobjectmodel.testscripts.TC001_CreateAccount.testcreateAccountRegistration(TC001_CreateAccount.java:52)
	at sun.reflect.NativeMethodAccessorImpl.invoke0(Native Method)
	at sun.reflect.NativeMethodAccessorImpl.invoke(Unknown Source)
	at sun.reflect.DelegatingMethodAccessorImpl.invoke(Unknown Source)
	at java.lang.reflect.Method.invoke(Unknown Source)
	at org.testng.internal.MethodInvocationHelper.invokeMethod(MethodInvocationHelper.java:80)
	at org.testng.internal.Invoker.invokeMethod(Invoker.java:714)
	at org.testng.internal.Invoker.invokeTestMethod(Invoker.java:901)
	at org.testng.internal.Invoker.invokeTestMethods(Invoker.java:1231)
	at org.testng.internal.TestMethodWorker.invokeTestMethods(TestMethodWorker.java:127)
	at org.testng.internal.TestMethodWorker.run(TestMethodWorker.java:111)
	at org.testng.TestRunner.privateRun(TestRunner.java:767)
	at org.testng.TestRunner.run(TestRunner.java:617)
	at org.testng.SuiteRunner.runTest(SuiteRunner.java:334)
	at org.testng.SuiteRunner.runSequentially(SuiteRunner.java:329)
	at org.testng.SuiteRunner.privateRun(SuiteRunner.java:291)
	at org.testng.SuiteRunner.run(SuiteRunner.java:240)
	at org.testng.SuiteRunnerWorker.runSuite(SuiteRunnerWorker.java:52)
	at org.testng.SuiteRunnerWorker.run(SuiteRunnerWorker.java:86)
	at org.testng.TestNG.runSuitesSequentially(TestNG.java:1198)
	at org.testng.TestNG.runSuitesLocally(TestNG.java:1123)
	at org.testng.TestNG.run(TestNG.java:1031)
	at org.testng.remote.AbstractRemoteTestNG.run(AbstractRemoteTestNG.java:132)
	at org.testng.remote.RemoteTestNG.initAndRun(RemoteTestNG.java:236)
	at org.testng.remote.RemoteTestNG.main(RemoteTestNG.java:81)
]]>
            </full-stacktrace>
          </exception> <!-- java.lang.AssertionError -->
          <reporter-output>
            <line>
              <![CDATA[<a href="E:\ECLIPSE ENV\Selenium_Excercises\selenium//src//test//resources//screenshots//failure//07-06-2017_21-10-testcreateAccountRegistration.png"><img src="file:///E:\ECLIPSE ENV\Selenium_Excercises\selenium//src//test//resources//screenshots//failure//07-06-2017_21-10-testcreateAccountRegistration.png" alt=""height='100' width='100'/> <br />]]>
            </line>
          </reporter-output>
        </test-method> <!-- testcreateAccountRegistration -->
        <test-method status="PASS" signature="close()[pri:0, instance:com.jaga.pageobjectmodel.testscripts.TC001_CreateAccount@67ae56]" name="close" is-config="true" duration-ms="34" started-at="2017-07-06T21:13:10Z" finished-at="2017-07-06T21:13:10Z">
          <reporter-output>
          </reporter-output>
        </test-method> <!-- close -->
      </class> <!-- com.jaga.pageobjectmodel.testscripts.TC001_CreateAccount -->
    </test> <!-- CreateAccount -->
    <test name="SignIn" duration-ms="74626" started-at="2017-07-06T15:43:10Z" finished-at="2017-07-06T15:44:25Z">
      <class name="com.jaga.pageobjectmodel.testscripts.TC002_SignIn">
        <test-method status="PASS" signature="setup()[pri:0, instance:com.jaga.pageobjectmodel.testscripts.TC002_SignIn@d818d1]" name="setup" is-config="true" duration-ms="36549" started-at="2017-07-06T21:13:11Z" finished-at="2017-07-06T21:13:47Z">
          <reporter-output>
          </reporter-output>
        </test-method> <!-- setup -->
        <test-method status="PASS" signature="testSignIn(java.lang.String, java.lang.String, java.lang.String, java.lang.String)[pri:0, instance:com.jaga.pageobjectmodel.testscripts.TC002_SignIn@d818d1]" name="testSignIn" duration-ms="14102" started-at="2017-07-06T21:13:47Z" data-provider="signinData" finished-at="2017-07-06T21:14:01Z">
          <params>
            <param index="0">
              <value>
                <![CDATA[Y]]>
              </value>
            </param>
            <param index="1">
              <value>
                <![CDATA[SignIn]]>
              </value>
            </param>
            <param index="2">
              <value>
                <![CDATA[testjaga6717@gmail.com]]>
              </value>
            </param>
            <param index="3">
              <value>
                <![CDATA[jaga@12345]]>
              </value>
            </param>
          </params>
          <reporter-output>
            <line>
              <![CDATA[<a href="E:\ECLIPSE ENV\Selenium_Excercises\selenium//src//test//resources//screenshots//success//07-06-2017_21-01-testSignIn.png"><img src="file:///E:\ECLIPSE ENV\Selenium_Excercises\selenium//src//test//resources//screenshots//success//07-06-2017_21-01-testSignIn.png" alt=""height='100' width='100'/> <br />]]>
            </line>
          </reporter-output>
        </test-method> <!-- testSignIn -->
        <test-method status="PASS" signature="close()[pri:0, instance:com.jaga.pageobjectmodel.testscripts.TC002_SignIn@d818d1]" name="close" is-config="true" duration-ms="68" started-at="2017-07-06T21:14:01Z" finished-at="2017-07-06T21:14:02Z">
          <reporter-output>
          </reporter-output>
        </test-method> <!-- close -->
        <test-method status="PASS" signature="setup()[pri:0, instance:com.jaga.pageobjectmodel.testscripts.TC002_SignIn@d818d1]" name="setup" is-config="true" duration-ms="19115" started-at="2017-07-06T21:14:02Z" finished-at="2017-07-06T21:14:21Z">
          <reporter-output>
          </reporter-output>
        </test-method> <!-- setup -->
        <test-method status="FAIL" signature="testSignIn(java.lang.String, java.lang.String, java.lang.String, java.lang.String)[pri:0, instance:com.jaga.pageobjectmodel.testscripts.TC002_SignIn@d818d1]" name="testSignIn" duration-ms="4154" started-at="2017-07-06T21:14:21Z" data-provider="signinData" finished-at="2017-07-06T21:14:25Z">
          <params>
            <param index="0">
              <value>
                <![CDATA[Y]]>
              </value>
            </param>
            <param index="1">
              <value>
                <![CDATA[SignIn]]>
              </value>
            </param>
            <param index="2">
              <value>
                <![CDATA[testjaga6717@gmail.com]]>
              </value>
            </param>
            <param index="3">
              <value>
                <![CDATA[jaga@1234]]>
              </value>
            </param>
          </params>
          <exception class="java.lang.AssertionError">
            <message>
              <![CDATA[expected [http://www.gcrit.com/build3/index.php] but found [http://www.gcrit.com/build3/login.php?action=process&osCsid=mc2cke02entdbn88mna5qndgj3]]]>
            </message>
            <full-stacktrace>
              <![CDATA[java.lang.AssertionError: expected [http://www.gcrit.com/build3/index.php] but found [http://www.gcrit.com/build3/login.php?action=process&osCsid=mc2cke02entdbn88mna5qndgj3]
	at org.testng.Assert.fail(Assert.java:94)
	at org.testng.Assert.failNotEquals(Assert.java:494)
	at org.testng.Assert.assertEquals(Assert.java:123)
	at org.testng.Assert.assertEquals(Assert.java:176)
	at org.testng.Assert.assertEquals(Assert.java:186)
	at com.jaga.pageobjectmodel.pagelibrary.SignIn.SignInTOAccount(SignIn.java:55)
	at com.jaga.pageobjectmodel.testscripts.TC002_SignIn.testSignIn(TC002_SignIn.java:54)
	at sun.reflect.NativeMethodAccessorImpl.invoke0(Native Method)
	at sun.reflect.NativeMethodAccessorImpl.invoke(Unknown Source)
	at sun.reflect.DelegatingMethodAccessorImpl.invoke(Unknown Source)
	at java.lang.reflect.Method.invoke(Unknown Source)
	at org.testng.internal.MethodInvocationHelper.invokeMethod(MethodInvocationHelper.java:80)
	at org.testng.internal.Invoker.invokeMethod(Invoker.java:714)
	at org.testng.internal.Invoker.invokeTestMethod(Invoker.java:901)
	at org.testng.internal.Invoker.invokeTestMethods(Invoker.java:1231)
	at org.testng.internal.TestMethodWorker.invokeTestMethods(TestMethodWorker.java:127)
	at org.testng.internal.TestMethodWorker.run(TestMethodWorker.java:111)
	at org.testng.TestRunner.privateRun(TestRunner.java:767)
	at org.testng.TestRunner.run(TestRunner.java:617)
	at org.testng.SuiteRunner.runTest(SuiteRunner.java:334)
	at org.testng.SuiteRunner.runSequentially(SuiteRunner.java:329)
	at org.testng.SuiteRunner.privateRun(SuiteRunner.java:291)
	at org.testng.SuiteRunner.run(SuiteRunner.java:240)
	at org.testng.SuiteRunnerWorker.runSuite(SuiteRunnerWorker.java:52)
	at org.testng.SuiteRunnerWorker.run(SuiteRunnerWorker.java:86)
	at org.testng.TestNG.runSuitesSequentially(TestNG.java:1198)
	at org.testng.TestNG.runSuitesLocally(TestNG.java:1123)
	at org.testng.TestNG.run(TestNG.java:1031)
	at org.testng.remote.AbstractRemoteTestNG.run(AbstractRemoteTestNG.java:132)
	at org.testng.remote.RemoteTestNG.initAndRun(RemoteTestNG.java:236)
	at org.testng.remote.RemoteTestNG.main(RemoteTestNG.java:81)
]]>
            </full-stacktrace>
          </exception> <!-- java.lang.AssertionError -->
          <reporter-output>
            <line>
              <![CDATA[<a href="E:\ECLIPSE ENV\Selenium_Excercises\selenium//src//test//resources//screenshots//failure//07-06-2017_21-25-testSignIn.png"><img src="file:///E:\ECLIPSE ENV\Selenium_Excercises\selenium//src//test//resources//screenshots//failure//07-06-2017_21-25-testSignIn.png" alt=""height='100' width='100'/> <br />]]>
            </line>
          </reporter-output>
        </test-method> <!-- testSignIn -->
        <test-method status="PASS" signature="close()[pri:0, instance:com.jaga.pageobjectmodel.testscripts.TC002_SignIn@d818d1]" name="close" is-config="true" duration-ms="45" started-at="2017-07-06T21:14:25Z" finished-at="2017-07-06T21:14:25Z">
          <reporter-output>
          </reporter-output>
        </test-method> <!-- close -->
      </class> <!-- com.jaga.pageobjectmodel.testscripts.TC002_SignIn -->
    </test> <!-- SignIn -->
  </suite> <!-- Regression Suite -->
</testng-results>
