<?xml version="1.0" encoding="UTF-8"?>
<testng-results skipped="0" failed="1" total="1" passed="0">
  <reporter-output>
  </reporter-output>
  <suite name="Default suite" duration-ms="70958" started-at="2017-07-05T16:37:54Z" finished-at="2017-07-05T16:39:05Z">
    <groups>
    </groups>
    <test name="Default test" duration-ms="70958" started-at="2017-07-05T16:37:54Z" finished-at="2017-07-05T16:39:05Z">
      <class name="com.jaga.pageobjectmodel.testscripts.TC001_CreateAccount">
        <test-method status="PASS" signature="setup()[pri:0, instance:com.jaga.pageobjectmodel.testscripts.TC001_CreateAccount@1baeedf]" name="setup" is-config="true" duration-ms="53816" started-at="2017-07-05T22:07:56Z" finished-at="2017-07-05T22:08:49Z">
          <reporter-output>
          </reporter-output>
        </test-method> <!-- setup -->
        <test-method status="FAIL" signature="createAccountRegistration(java.lang.String, java.lang.String, java.lang.String, java.lang.String, java.lang.String, java.lang.String, java.lang.String, java.lang.String, java.lang.String, java.lang.String, java.lang.String, java.lang.String, java.lang.String, java.lang.String, java.lang.String)[pri:0, instance:com.jaga.pageobjectmodel.testscripts.TC001_CreateAccount@1baeedf]" name="createAccountRegistration" duration-ms="15921" started-at="2017-07-05T22:08:49Z" data-provider="createAccountData" finished-at="2017-07-05T22:09:05Z">
          <params>
            <param index="0">
              <value>
                <![CDATA[Y]]>
              </value>
            </param>
            <param index="1">
              <value>
                <![CDATA[CreateAccount]]>
              </value>
            </param>
            <param index="2">
              <value>
                <![CDATA[John]]>
              </value>
            </param>
            <param index="3">
              <value>
                <![CDATA[Smith]]>
              </value>
            </param>
            <param index="4">
              <value>
                <![CDATA[08/29/1993]]>
              </value>
            </param>
            <param index="5">
              <value>
                <![CDATA[testjaga007@gmail.com]]>
              </value>
            </param>
            <param index="6">
              <value>
                <![CDATA[Software Company ]]>
              </value>
            </param>
            <param index="7">
              <value>
                <![CDATA[Sholinganallur]]>
              </value>
            </param>
            <param index="8">
              <value>
                <![CDATA[600119.0]]>
              </value>
            </param>
            <param index="9">
              <value>
                <![CDATA[Chennai]]>
              </value>
            </param>
            <param index="10">
              <value>
                <![CDATA[Tamil Nadu]]>
              </value>
            </param>
            <param index="11">
              <value>
                <![CDATA[India]]>
              </value>
            </param>
            <param index="12">
              <value>
                <![CDATA[1.23456789E9]]>
              </value>
            </param>
            <param index="13">
              <value>
                <![CDATA[jaga@12345]]>
              </value>
            </param>
            <param index="14">
              <value>
                <![CDATA[jaga@12345]]>
              </value>
            </param>
          </params>
          <exception class="java.lang.AssertionError">
            <message>
              <![CDATA[expected [http://www.gcrit.com/build3/create_account_success.php] but found [http://www.gcrit.com/build3/create_account.php]]]>
            </message>
            <full-stacktrace>
              <![CDATA[java.lang.AssertionError: expected [http://www.gcrit.com/build3/create_account_success.php] but found [http://www.gcrit.com/build3/create_account.php]
	at org.testng.Assert.fail(Assert.java:94)
	at org.testng.Assert.failNotEquals(Assert.java:494)
	at org.testng.Assert.assertEquals(Assert.java:123)
	at org.testng.Assert.assertEquals(Assert.java:176)
	at org.testng.Assert.assertEquals(Assert.java:186)
	at com.jaga.pageobjectmodel.pagelibrary.CreateAnAccount.createAccountRegistration(CreateAnAccount.java:71)
	at com.jaga.pageobjectmodel.testscripts.TC001_CreateAccount.createAccountRegistration(TC001_CreateAccount.java:52)
	at sun.reflect.NativeMethodAccessorImpl.invoke0(Native Method)
	at sun.reflect.NativeMethodAccessorImpl.invoke(Unknown Source)
	at sun.reflect.DelegatingMethodAccessorImpl.invoke(Unknown Source)
	at java.lang.reflect.Method.invoke(Unknown Source)
	at org.testng.internal.MethodInvocationHelper.invokeMethod(MethodInvocationHelper.java:80)
	at org.testng.internal.Invoker.invokeMethod(Invoker.java:714)
	at org.testng.internal.Invoker.invokeTestMethod(Invoker.java:901)
	at org.testng.internal.Invoker.invokeTestMethods(Invoker.java:1231)
	at org.testng.internal.TestMethodWorker.invokeTestMethods(TestMethodWorker.java:127)
	at org.testng.internal.TestMethodWorker.run(TestMethodWorker.java:111)
	at org.testng.TestRunner.privateRun(TestRunner.java:767)
	at org.testng.TestRunner.run(TestRunner.java:617)
	at org.testng.SuiteRunner.runTest(SuiteRunner.java:334)
	at org.testng.SuiteRunner.runSequentially(SuiteRunner.java:329)
	at org.testng.SuiteRunner.privateRun(SuiteRunner.java:291)
	at org.testng.SuiteRunner.run(SuiteRunner.java:240)
	at org.testng.SuiteRunnerWorker.runSuite(SuiteRunnerWorker.java:52)
	at org.testng.SuiteRunnerWorker.run(SuiteRunnerWorker.java:86)
	at org.testng.TestNG.runSuitesSequentially(TestNG.java:1198)
	at org.testng.TestNG.runSuitesLocally(TestNG.java:1123)
	at org.testng.TestNG.run(TestNG.java:1031)
	at org.testng.remote.AbstractRemoteTestNG.run(AbstractRemoteTestNG.java:132)
	at org.testng.remote.RemoteTestNG.initAndRun(RemoteTestNG.java:236)
	at org.testng.remote.RemoteTestNG.main(RemoteTestNG.java:81)
]]>
            </full-stacktrace>
          </exception> <!-- java.lang.AssertionError -->
          <reporter-output>
          </reporter-output>
        </test-method> <!-- createAccountRegistration -->
        <test-method status="PASS" signature="close()[pri:0, instance:com.jaga.pageobjectmodel.testscripts.TC001_CreateAccount@1baeedf]" name="close" is-config="true" duration-ms="61" started-at="2017-07-05T22:09:05Z" finished-at="2017-07-05T22:09:05Z">
          <reporter-output>
          </reporter-output>
        </test-method> <!-- close -->
      </class> <!-- com.jaga.pageobjectmodel.testscripts.TC001_CreateAccount -->
    </test> <!-- Default test -->
  </suite> <!-- Default suite -->
</testng-results>
